{"/Users/pierre/Projects/games/ldvelh/app/_layout.tsx": {"path":"/Users/pierre/Projects/games/ldvelh/app/_layout.tsx","statementMap":{"0":{"start":{"line":5,"column":2},"end":{"line":5,"column":19}}},"fnMap":{"0":{"name":"RootLayout","decl":{"start":{"line":4,"column":24},"end":{"line":4,"column":34}},"loc":{"start":{"line":4,"column":37},"end":{"line":6,"column":1}},"line":4}},"branchMap":{},"s":{"0":0},"f":{"0":0},"b":{}}
,"/Users/pierre/Projects/games/ldvelh/app/index.tsx": {"path":"/Users/pierre/Projects/games/ldvelh/app/index.tsx","statementMap":{"0":{"start":{"line":5,"column":2},"end":{"line":17,"column":4}}},"fnMap":{"0":{"name":"Index","decl":{"start":{"line":4,"column":24},"end":{"line":4,"column":29}},"loc":{"start":{"line":4,"column":32},"end":{"line":18,"column":1}},"line":4}},"branchMap":{},"s":{"0":0},"f":{"0":0},"b":{}}
,"/Users/pierre/Projects/games/ldvelh/app/core/api.ts": {"path":"/Users/pierre/Projects/games/ldvelh/app/core/api.ts","statementMap":{},"fnMap":{},"branchMap":{},"s":{},"f":{},"b":{}}
,"/Users/pierre/Projects/games/ldvelh/app/core/hooks.ts": {"path":"/Users/pierre/Projects/games/ldvelh/app/core/hooks.ts","statementMap":{},"fnMap":{},"branchMap":{},"s":{},"f":{},"b":{}}
,"/Users/pierre/Projects/games/ldvelh/app/core/index.ts": {"path":"/Users/pierre/Projects/games/ldvelh/app/core/index.ts","statementMap":{},"fnMap":{},"branchMap":{},"s":{},"f":{},"b":{}}
,"/Users/pierre/Projects/games/ldvelh/app/core/store.ts": {"path":"/Users/pierre/Projects/games/ldvelh/app/core/store.ts","statementMap":{},"fnMap":{},"branchMap":{},"s":{},"f":{},"b":{}}
,"/Users/pierre/Projects/games/ldvelh/app/core/types.ts": {"path":"/Users/pierre/Projects/games/ldvelh/app/core/types.ts","statementMap":{},"fnMap":{},"branchMap":{},"s":{},"f":{},"b":{}}
,"/Users/pierre/Projects/games/ldvelh/app/core/components/core.tsx": {"path":"/Users/pierre/Projects/games/ldvelh/app/core/components/core.tsx","statementMap":{"0":{"start":{"line":4,"column":13},"end":{"line":9,"column":1}},"1":{"start":{"line":5,"column":22},"end":{"line":5,"column":39}},"2":{"start":{"line":6,"column":2},"end":{"line":8,"column":4}}},"fnMap":{"0":{"name":"(anonymous_0)","decl":{"start":{"line":4,"column":13},"end":{"line":4,"column":14}},"loc":{"start":{"line":4,"column":56},"end":{"line":9,"column":1}},"line":4}},"branchMap":{},"s":{"0":1,"1":1,"2":1},"f":{"0":1},"b":{},"_coverageSchema":"1a1c01bbd47fc00a2c39e90264f33305004495a9","hash":"b037f2e015d4d257dcf0c870131361ee5dc6a2e8"}
}
