{"/Users/pierre/Projects/games/ldvelh/app/_layout.tsx": {"path":"/Users/pierre/Projects/games/ldvelh/app/_layout.tsx","statementMap":{"0":{"start":{"line":5,"column":2},"end":{"line":5,"column":19}}},"fnMap":{"0":{"name":"RootLayout","decl":{"start":{"line":4,"column":24},"end":{"line":4,"column":34}},"loc":{"start":{"line":4,"column":37},"end":{"line":6,"column":1}},"line":4}},"branchMap":{},"s":{"0":0},"f":{"0":0},"b":{}}
,"/Users/pierre/Projects/games/ldvelh/app/index.tsx": {"path":"/Users/pierre/Projects/games/ldvelh/app/index.tsx","statementMap":{"0":{"start":{"line":5,"column":2},"end":{"line":17,"column":4}}},"fnMap":{"0":{"name":"Index","decl":{"start":{"line":4,"column":24},"end":{"line":4,"column":29}},"loc":{"start":{"line":4,"column":32},"end":{"line":18,"column":1}},"line":4}},"branchMap":{},"s":{"0":1},"f":{"0":1},"b":{},"_coverageSchema":"1a1c01bbd47fc00a2c39e90264f33305004495a9","hash":"2721bce7942916fe1a50f1feb66d998e33e507a2"}
,"/Users/pierre/Projects/games/ldvelh/app/core/api.ts": {"path":"/Users/pierre/Projects/games/ldvelh/app/core/api.ts","statementMap":{},"fnMap":{},"branchMap":{},"s":{},"f":{},"b":{}}
,"/Users/pierre/Projects/games/ldvelh/app/core/context.tsx": {"path":"/Users/pierre/Projects/games/ldvelh/app/core/context.tsx","statementMap":{"0":{"start":{"line":9,"column":24},"end":{"line":9,"column":60}},"1":{"start":{"line":17,"column":20},"end":{"line":21,"column":1}},"2":{"start":{"line":18,"column":18},"end":{"line":18,"column":45}},"3":{"start":{"line":19,"column":2},"end":{"line":19,"column":79}},"4":{"start":{"line":19,"column":16},"end":{"line":19,"column":79}},"5":{"start":{"line":20,"column":2},"end":{"line":20,"column":17}},"6":{"start":{"line":24,"column":32},"end":{"line":35,"column":1}},"7":{"start":{"line":28,"column":27},"end":{"line":28,"column":62}},"8":{"start":{"line":28,"column":41},"end":{"line":28,"column":49}},"9":{"start":{"line":30,"column":2},"end":{"line":34,"column":4}}},"fnMap":{"0":{"name":"(anonymous_0)","decl":{"start":{"line":17,"column":20},"end":{"line":17,"column":21}},"loc":{"start":{"line":17,"column":36},"end":{"line":21,"column":1}},"line":17},"1":{"name":"(anonymous_1)","decl":{"start":{"line":24,"column":32},"end":{"line":24,"column":33}},"loc":{"start":{"line":27,"column":29},"end":{"line":35,"column":1}},"line":27},"2":{"name":"(anonymous_2)","decl":{"start":{"line":28,"column":35},"end":{"line":28,"column":36}},"loc":{"start":{"line":28,"column":41},"end":{"line":28,"column":49}},"line":28}},"branchMap":{"0":{"loc":{"start":{"line":19,"column":2},"end":{"line":19,"column":79}},"type":"if","locations":[{"start":{"line":19,"column":2},"end":{"line":19,"column":79}},{"start":{},"end":{}}],"line":19}},"s":{"0":4,"1":4,"2":1,"3":1,"4":0,"5":1,"6":4,"7":4,"8":4,"9":4},"f":{"0":1,"1":4,"2":4},"b":{"0":[0,1]},"_coverageSchema":"1a1c01bbd47fc00a2c39e90264f33305004495a9","hash":"28a4797316a200bc9e898d96114d2596db52a109"}
,"/Users/pierre/Projects/games/ldvelh/app/core/hooks.ts": {"path":"/Users/pierre/Projects/games/ldvelh/app/core/hooks.ts","statementMap":{"0":{"start":{"line":3,"column":30},"end":{"line":9,"column":1}},"1":{"start":{"line":4,"column":18},"end":{"line":4,"column":56}},"2":{"start":{"line":4,"column":42},"end":{"line":4,"column":55}},"3":{"start":{"line":5,"column":15},"end":{"line":5,"column":32}},"4":{"start":{"line":6,"column":2},"end":{"line":6,"column":16}},"5":{"start":{"line":8,"column":2},"end":{"line":8,"column":14}}},"fnMap":{"0":{"name":"(anonymous_0)","decl":{"start":{"line":3,"column":30},"end":{"line":3,"column":31}},"loc":{"start":{"line":3,"column":36},"end":{"line":9,"column":1}},"line":3},"1":{"name":"(anonymous_1)","decl":{"start":{"line":4,"column":31},"end":{"line":4,"column":32}},"loc":{"start":{"line":4,"column":42},"end":{"line":4,"column":55}},"line":4}},"branchMap":{},"s":{"0":0,"1":0,"2":0,"3":0,"4":0,"5":0},"f":{"0":0,"1":0},"b":{}}
,"/Users/pierre/Projects/games/ldvelh/app/core/index.ts": {"path":"/Users/pierre/Projects/games/ldvelh/app/core/index.ts","statementMap":{},"fnMap":{},"branchMap":{},"s":{},"f":{},"b":{},"_coverageSchema":"1a1c01bbd47fc00a2c39e90264f33305004495a9","hash":"542b1d8465111bd632ca6945ff6f82db9b7d069e"}
,"/Users/pierre/Projects/games/ldvelh/app/core/store.ts": {"path":"/Users/pierre/Projects/games/ldvelh/app/core/store.ts","statementMap":{"0":{"start":{"line":11,"column":21},"end":{"line":14,"column":3}},"1":{"start":{"line":11,"column":62},"end":{"line":14,"column":1}},"2":{"start":{"line":13,"column":30},"end":{"line":13,"column":78}},"3":{"start":{"line":13,"column":41},"end":{"line":13,"column":76}}},"fnMap":{"0":{"name":"(anonymous_0)","decl":{"start":{"line":11,"column":52},"end":{"line":11,"column":53}},"loc":{"start":{"line":11,"column":62},"end":{"line":14,"column":1}},"line":11},"1":{"name":"(anonymous_1)","decl":{"start":{"line":13,"column":11},"end":{"line":13,"column":12}},"loc":{"start":{"line":13,"column":30},"end":{"line":13,"column":78}},"line":13},"2":{"name":"(anonymous_2)","decl":{"start":{"line":13,"column":34},"end":{"line":13,"column":35}},"loc":{"start":{"line":13,"column":41},"end":{"line":13,"column":76}},"line":13}},"branchMap":{"0":{"loc":{"start":{"line":13,"column":49},"end":{"line":13,"column":74}},"type":"binary-expr","locations":[{"start":{"line":13,"column":49},"end":{"line":13,"column":53}},{"start":{"line":13,"column":57},"end":{"line":13,"column":74}}],"line":13}},"s":{"0":1,"1":1,"2":1,"3":1},"f":{"0":1,"1":1,"2":1},"b":{"0":[1,0]},"_coverageSchema":"1a1c01bbd47fc00a2c39e90264f33305004495a9","hash":"0a8eea627e182578892c8f861ba384181003cf6e"}
,"/Users/pierre/Projects/games/ldvelh/app/core/types.ts": {"path":"/Users/pierre/Projects/games/ldvelh/app/core/types.ts","statementMap":{},"fnMap":{},"branchMap":{},"s":{},"f":{},"b":{}}
,"/Users/pierre/Projects/games/ldvelh/app/core/components/core.tsx": {"path":"/Users/pierre/Projects/games/ldvelh/app/core/components/core.tsx","statementMap":{"0":{"start":{"line":6,"column":13},"end":{"line":19,"column":1}},"1":{"start":{"line":13,"column":22},"end":{"line":13,"column":39}},"2":{"start":{"line":14,"column":2},"end":{"line":18,"column":4}}},"fnMap":{"0":{"name":"(anonymous_0)","decl":{"start":{"line":6,"column":13},"end":{"line":6,"column":14}},"loc":{"start":{"line":12,"column":6},"end":{"line":19,"column":1}},"line":12}},"branchMap":{},"s":{"0":4,"1":4,"2":4},"f":{"0":4},"b":{},"_coverageSchema":"1a1c01bbd47fc00a2c39e90264f33305004495a9","hash":"e87bad86a3874bfe5e341ba9d7462f33b6cf13ae"}
,"/Users/pierre/Projects/games/ldvelh/app/shared/services/alert.tsx": {"path":"/Users/pierre/Projects/games/ldvelh/app/shared/services/alert.tsx","statementMap":{"0":{"start":{"line":6,"column":4},"end":{"line":6,"column":31}}},"fnMap":{"0":{"name":"(anonymous_0)","decl":{"start":{"line":5,"column":2},"end":{"line":5,"column":3}},"loc":{"start":{"line":5,"column":51},"end":{"line":7,"column":3}},"line":5}},"branchMap":{},"s":{"0":0},"f":{"0":0},"b":{}}
,"/Users/pierre/Projects/games/ldvelh/app/shared/services/types.ts": {"path":"/Users/pierre/Projects/games/ldvelh/app/shared/services/types.ts","statementMap":{},"fnMap":{},"branchMap":{},"s":{},"f":{},"b":{}}
}
