TN:
SF:app/_layout.tsx
FN:4,RootLayout
FNF:1
FNH:0
FNDA:0,RootLayout
DA:5,0
LF:1
LH:0
BRF:0
BRH:0
end_of_record
TN:
SF:app/index.tsx
FN:15,Index
FNF:1
FNH:1
FNDA:1,Index
DA:5,1
DA:16,1
LF:2
LH:2
BRF:0
BRH:0
end_of_record
TN:
SF:app/core/createStoreFromSlices.ts
FN:4,(anonymous_0)
FN:6,(anonymous_1)
FN:8,(anonymous_2)
FNF:3
FNH:3
FNDA:7,(anonymous_0)
FNDA:4,(anonymous_1)
FNDA:12,(anonymous_2)
DA:4,5
DA:5,7
DA:6,4
DA:7,4
DA:8,12
DA:16,3
LF:6
LH:6
BRDA:5,0,0,4
BRDA:5,0,1,3
BRF:2
BRH:2
end_of_record
TN:
SF:app/core/index.ts
FNF:0
FNH:0
LF:0
LH:0
BRF:0
BRH:0
end_of_record
TN:
SF:app/core/types.ts
FNF:0
FNH:0
LF:0
LH:0
BRF:0
BRH:0
end_of_record
TN:
SF:app/core/api/getStory.ts
FN:3,(anonymous_0)
FNF:1
FNH:0
FNDA:0,(anonymous_0)
DA:3,5
LF:1
LH:1
BRF:0
BRH:0
end_of_record
TN:
SF:app/core/api/index.ts
FNF:0
FNH:0
LF:0
LH:0
BRF:0
BRH:0
end_of_record
TN:
SF:app/core/components/core.tsx
FN:6,(anonymous_0)
FNF:1
FNH:1
FNDA:7,(anonymous_0)
DA:6,5
DA:15,7
DA:17,7
LF:3
LH:3
BRF:0
BRH:0
end_of_record
TN:
SF:app/core/contexts/index.ts
FNF:0
FNH:0
LF:0
LH:0
BRF:0
BRH:0
end_of_record
TN:
SF:app/core/contexts/services.tsx
FN:17,(anonymous_0)
FN:24,(anonymous_1)
FN:28,(anonymous_2)
FNF:3
FNH:3
FNDA:1,(anonymous_0)
FNDA:7,(anonymous_1)
FNDA:7,(anonymous_2)
DA:9,5
DA:17,5
DA:18,1
DA:19,1
DA:20,1
DA:24,5
DA:28,7
DA:30,7
LF:8
LH:8
BRDA:19,0,0,0
BRDA:19,0,1,1
BRF:2
BRH:1
end_of_record
TN:
SF:app/core/contexts/store.tsx
FN:17,(anonymous_0)
FNF:1
FNH:1
FNDA:7,(anonymous_0)
DA:9,5
DA:17,5
DA:18,7
DA:19,7
DA:21,7
LF:5
LH:5
BRDA:21,0,0,4
BRDA:21,0,1,3
BRF:2
BRH:2
end_of_record
TN:
SF:app/core/hooks/bookStore.ts
FN:4,useBookStore
FNF:1
FNH:1
FNDA:14,useBookStore
DA:7,14
LF:1
LH:1
BRF:0
BRH:0
end_of_record
TN:
SF:app/core/hooks/gameStore.ts
FN:4,useGameStore
FNF:1
FNH:1
FNDA:14,useGameStore
DA:7,14
LF:1
LH:1
BRF:0
BRH:0
end_of_record
TN:
SF:app/core/hooks/genericStore.ts
FN:5,useZeStore
FNF:1
FNH:1
FNDA:31,useZeStore
DA:6,31
DA:7,31
DA:8,31
LF:3
LH:3
BRDA:7,0,0,0
BRDA:7,0,1,31
BRF:2
BRH:1
end_of_record
TN:
SF:app/core/hooks/index.ts
FNF:0
FNH:0
LF:0
LH:0
BRF:0
BRH:0
end_of_record
TN:
SF:app/core/hooks/userStore.ts
FN:4,useUserStore
FNF:1
FNH:1
FNDA:3,useUserStore
DA:7,3
LF:1
LH:1
BRF:0
BRH:0
end_of_record
TN:
SF:app/core/slices/book.ts
FN:19,(anonymous_0)
FN:23,(anonymous_1)
FN:23,(anonymous_2)
FN:24,(anonymous_3)
FN:24,(anonymous_4)
FNF:5
FNH:5
FNDA:4,(anonymous_0)
FNDA:4,(anonymous_1)
FNDA:4,(anonymous_2)
FNDA:3,(anonymous_3)
FNDA:3,(anonymous_4)
DA:8,5
DA:19,5
DA:21,4
DA:23,4
DA:24,3
LF:5
LH:5
BRF:0
BRH:0
end_of_record
TN:
SF:app/core/slices/game.ts
FN:14,(anonymous_0)
FN:19,(anonymous_1)
FN:19,(anonymous_2)
FN:20,(anonymous_3)
FN:21,(anonymous_4)
FNF:5
FNH:5
FNDA:4,(anonymous_0)
FNDA:2,(anonymous_1)
FNDA:2,(anonymous_2)
FNDA:1,(anonymous_3)
FNDA:1,(anonymous_4)
DA:14,5
DA:16,4
DA:19,2
DA:21,1
LF:4
LH:4
BRF:0
BRH:0
end_of_record
TN:
SF:app/core/slices/index.ts
FNF:0
FNH:0
LF:0
LH:0
BRF:0
BRH:0
end_of_record
TN:
SF:app/core/slices/slices.ts
FNF:0
FNH:0
LF:0
LH:0
BRF:0
BRH:0
end_of_record
TN:
SF:app/core/slices/user.ts
FNF:0
FNH:0
LF:0
LH:0
BRF:0
BRH:0
end_of_record
TN:
SF:app/features/index.ts
FNF:0
FNH:0
LF:0
LH:0
BRF:0
BRH:0
end_of_record
TN:
SF:app/features/wrapper.tsx
FN:13,(anonymous_0)
FN:18,(anonymous_1)
FN:20,(anonymous_2)
FN:20,(anonymous_3)
FN:30,(anonymous_4)
FNF:5
FNH:4
FNDA:0,(anonymous_0)
FNDA:4,(anonymous_1)
FNDA:1,(anonymous_2)
FNDA:1,(anonymous_3)
FNDA:4,(anonymous_4)
DA:14,0
DA:18,4
DA:20,1
DA:23,2
DA:24,2
DA:30,2
DA:31,4
LF:7
LH:6
BRF:0
BRH:0
end_of_record
TN:
SF:app/features/choose-story/ChooseSimpleStory.tsx
FN:4,(anonymous_0)
FN:8,(anonymous_1)
FNF:2
FNH:2
FNDA:4,(anonymous_0)
FNDA:1,(anonymous_1)
DA:4,1
DA:5,4
DA:6,4
DA:8,4
DA:9,1
DA:12,4
LF:6
LH:6
BRF:0
BRH:0
end_of_record
TN:
SF:app/features/choose-story/ChooseSimpleStoryView.tsx
FN:3,(anonymous_0)
FNF:1
FNH:1
FNDA:6,(anonymous_0)
DA:3,2
DA:12,6
LF:2
LH:2
BRF:0
BRH:0
end_of_record
TN:
SF:app/features/choose-story/index.ts
FNF:0
FNH:0
LF:0
LH:0
BRF:0
BRH:0
end_of_record
TN:
SF:app/features/choose-story/useChooseSimpleStory.tsx
FN:3,(anonymous_0)
FN:5,(anonymous_1)
FNF:2
FNH:0
FNDA:0,(anonymous_0)
FNDA:0,(anonymous_1)
DA:3,0
DA:4,0
DA:5,0
DA:6,0
DA:7,0
DA:8,0
LF:6
LH:0
BRF:0
BRH:0
end_of_record
TN:
SF:app/shared/services/alert.tsx
FN:5,(anonymous_0)
FNF:1
FNH:0
FNDA:0,(anonymous_0)
DA:6,0
LF:1
LH:0
BRF:0
BRH:0
end_of_record
TN:
SF:app/shared/services/index.ts
FNF:0
FNH:0
LF:0
LH:0
BRF:0
BRH:0
end_of_record
TN:
SF:app/shared/services/types.ts
FNF:0
FNH:0
LF:0
LH:0
BRF:0
BRH:0
end_of_record
